  Renderer.cpp
C:\Users\alsru\Desktop\Final_Graphics\glcode1\Kinect_Sample_Re\Renderer.cpp(51,20): warning C4244: '인수': 'double'에서 '_Ty'(으)로 변환하면서 데이터가 손실될 수 있습니다.
          with
          [
              _Ty=float
          ]
C:\Users\alsru\Desktop\Final_Graphics\glcode1\Kinect_Sample_Re\Renderer.cpp(84,1): warning C4267: '초기화 중': 'size_t'에서 'int'(으)로 변환하면서 데이터가 손실될 수 있습니다.
C:\Users\alsru\Desktop\Final_Graphics\glcode1\Kinect_Sample_Re\Renderer.cpp(114,1): warning C4267: '초기화 중': 'size_t'에서 'int'(으)로 변환하면서 데이터가 손실될 수 있습니다.
C:\Users\alsru\Desktop\Final_Graphics\glcode1\Kinect_Sample_Re\Renderer.cpp(162,24): warning C4244: '=': 'GLuint'에서 'GLfloat'(으)로 변환하면서 데이터가 손실될 수 있습니다.
C:\Users\alsru\Desktop\Final_Graphics\glcode1\Kinect_Sample_Re\Renderer.cpp(531,42): warning C4244: '=': 'double'에서 'float'(으)로 변환하면서 데이터가 손실될 수 있습니다.
C:\Users\alsru\Desktop\Final_Graphics\glcode1\Kinect_Sample_Re\Renderer.cpp(533,43): warning C4244: '=': 'double'에서 'float'(으)로 변환하면서 데이터가 손실될 수 있습니다.
C:\Users\alsru\Desktop\Final_Graphics\glcode1\Kinect_Sample_Re\Renderer.cpp(536,36): warning C4244: '인수': 'double'에서 'GLfloat'(으)로 변환하면서 데이터가 손실될 수 있습니다.
C:\Users\alsru\Desktop\Final_Graphics\glcode1\Kinect_Sample_Re\Renderer.cpp(536,20): warning C4244: '인수': 'double'에서 'GLfloat'(으)로 변환하면서 데이터가 손실될 수 있습니다.
C:\Users\alsru\Desktop\Final_Graphics\glcode1\Kinect_Sample_Re\Renderer.cpp(538,35): warning C4244: '인수': 'double'에서 'GLfloat'(으)로 변환하면서 데이터가 손실될 수 있습니다.
C:\Users\alsru\Desktop\Final_Graphics\glcode1\Kinect_Sample_Re\Renderer.cpp(538,20): warning C4244: '인수': 'double'에서 'GLfloat'(으)로 변환하면서 데이터가 손실될 수 있습니다.
C:\Users\alsru\Desktop\Final_Graphics\glcode1\Kinect_Sample_Re\Renderer.cpp(540,34): warning C4244: '인수': 'double'에서 'GLfloat'(으)로 변환하면서 데이터가 손실될 수 있습니다.
C:\Users\alsru\Desktop\Final_Graphics\glcode1\Kinect_Sample_Re\Renderer.cpp(540,19): warning C4244: '인수': 'double'에서 'GLfloat'(으)로 변환하면서 데이터가 손실될 수 있습니다.
C:\Users\alsru\Desktop\Final_Graphics\glcode1\Kinect_Sample_Re\Renderer.cpp(542,35): warning C4244: '인수': 'double'에서 'GLfloat'(으)로 변환하면서 데이터가 손실될 수 있습니다.
C:\Users\alsru\Desktop\Final_Graphics\glcode1\Kinect_Sample_Re\Renderer.cpp(542,19): warning C4244: '인수': 'double'에서 'GLfloat'(으)로 변환하면서 데이터가 손실될 수 있습니다.
C:\Users\alsru\Desktop\Final_Graphics\glcode1\Kinect_Sample_Re\Renderer.cpp(559,42): warning C4244: '=': 'double'에서 'float'(으)로 변환하면서 데이터가 손실될 수 있습니다.
C:\Users\alsru\Desktop\Final_Graphics\glcode1\Kinect_Sample_Re\Renderer.cpp(561,43): warning C4244: '=': 'double'에서 'float'(으)로 변환하면서 데이터가 손실될 수 있습니다.
C:\Users\alsru\Desktop\Final_Graphics\glcode1\Kinect_Sample_Re\Renderer.cpp(564,29): warning C4305: '인수': 'double'에서 'GLfloat'(으)로 잘립니다.
C:\Users\alsru\Desktop\Final_Graphics\glcode1\Kinect_Sample_Re\Renderer.cpp(566,29): warning C4305: '인수': 'double'에서 'GLfloat'(으)로 잘립니다.
C:\Users\alsru\Desktop\Final_Graphics\glcode1\Kinect_Sample_Re\Renderer.cpp(568,28): warning C4305: '인수': 'double'에서 'GLfloat'(으)로 잘립니다.
C:\Users\alsru\Desktop\Final_Graphics\glcode1\Kinect_Sample_Re\Renderer.cpp(570,28): warning C4305: '인수': 'double'에서 'GLfloat'(으)로 잘립니다.
C:\Users\alsru\Desktop\Final_Graphics\glcode1\Kinect_Sample_Re\Renderer.cpp(573,30): warning C4305: '인수': 'double'에서 'GLfloat'(으)로 잘립니다.
C:\Users\alsru\Desktop\Final_Graphics\glcode1\Kinect_Sample_Re\Renderer.cpp(575,29): warning C4305: '인수': 'double'에서 'GLfloat'(으)로 잘립니다.
C:\Users\alsru\Desktop\Final_Graphics\glcode1\Kinect_Sample_Re\Renderer.cpp(577,29): warning C4305: '인수': 'double'에서 'GLfloat'(으)로 잘립니다.
C:\Users\alsru\Desktop\Final_Graphics\glcode1\Kinect_Sample_Re\Renderer.cpp(579,30): warning C4305: '인수': 'double'에서 'GLfloat'(으)로 잘립니다.
C:\Users\alsru\Desktop\Final_Graphics\glcode1\Kinect_Sample_Re\Renderer.cpp(582,29): warning C4305: '인수': 'double'에서 'GLfloat'(으)로 잘립니다.
C:\Users\alsru\Desktop\Final_Graphics\glcode1\Kinect_Sample_Re\Renderer.cpp(584,28): warning C4305: '인수': 'double'에서 'GLfloat'(으)로 잘립니다.
C:\Users\alsru\Desktop\Final_Graphics\glcode1\Kinect_Sample_Re\Renderer.cpp(586,28): warning C4305: '인수': 'double'에서 'GLfloat'(으)로 잘립니다.
C:\Users\alsru\Desktop\Final_Graphics\glcode1\Kinect_Sample_Re\Renderer.cpp(588,29): warning C4305: '인수': 'double'에서 'GLfloat'(으)로 잘립니다.
C:\Users\alsru\Desktop\Final_Graphics\glcode1\Kinect_Sample_Re\Renderer.cpp(599,38): warning C4267: '초기화 중': 'size_t'에서 'int'(으)로 변환하면서 데이터가 손실될 수 있습니다.
C:\Users\alsru\Desktop\Final_Graphics\glcode1\Kinect_Sample_Re\Renderer.cpp(601,51): warning C4267: '초기화 중': 'size_t'에서 'int'(으)로 변환하면서 데이터가 손실될 수 있습니다.
C:\Users\alsru\Desktop\Final_Graphics\glcode1\Kinect_Sample_Re\Renderer.cpp(502,18): warning C4101: 'm1' :참조되지 않은 지역 변수입니다.
C:\Users\alsru\Desktop\Final_Graphics\glcode1\Kinect_Sample_Re\Renderer.cpp(506,16): warning C4101: 'b' :참조되지 않은 지역 변수입니다.
C:\Users\alsru\Desktop\Final_Graphics\glcode1\Kinect_Sample_Re\Renderer.cpp(506,13): warning C4101: 'g' :참조되지 않은 지역 변수입니다.
C:\Users\alsru\Desktop\Final_Graphics\glcode1\Kinect_Sample_Re\Renderer.cpp(506,10): warning C4101: 'r' :참조되지 않은 지역 변수입니다.
  Kinect_Sample_Re.vcxproj -> C:\Users\alsru\Desktop\Final_Graphics\glcode1\x64\Debug\gltest.exe
